2021-03-29 14:00:00,667 - instabot version: 0.117.0 (bot) - INFO - Instabot version: 0.117.0 Started
2021-03-29 14:00:00,668 - instabot version: 0.117.0 (bot) - DEBUG - Bot imported from D:\anaconda3\lib\site-packages\instabot\bot\bot.py
2021-03-29 14:00:00,669 - instabot version: 0.117.0 (api_login) - INFO - Not yet logged in starting: PRE-LOGIN FLOW!
2021-03-29 14:00:01,019 - instabot version: 0.117.0 (api) - DEBUG - POST to endpoint: accounts/get_prefill_candidates/ returned response: <Response [200]>
2021-03-29 14:00:01,316 - instabot version: 0.117.0 (api) - DEBUG - POST to endpoint: qe/sync/ returned response: <Response [200]>
2021-03-29 14:00:01,629 - instabot version: 0.117.0 (api) - DEBUG - POST to endpoint: launcher/sync/ returned response: <Response [200]>
2021-03-29 14:00:01,957 - instabot version: 0.117.0 (api) - DEBUG - POST to endpoint: accounts/contact_point_prefill/ returned response: <Response [200]>
2021-03-29 14:00:03,803 - instabot version: 0.117.0 (api) - DEBUG - POST to endpoint: accounts/login/ returned response: <Response [200]>
2021-03-29 14:00:03,803 - instabot version: 0.117.0 (api) - INFO - Logged-in successfully as 'existential_crisis31'!
2021-03-29 14:00:03,803 - instabot version: 0.117.0 (api_login) - INFO - LOGIN FLOW! Just logged-in: True
2021-03-29 14:00:04,131 - instabot version: 0.117.0 (api) - DEBUG - POST to endpoint: qe/sync/ returned response: <Response [200]>
2021-03-29 14:00:04,461 - instabot version: 0.117.0 (api) - DEBUG - POST to endpoint: launcher/sync/ returned response: <Response [200]>
2021-03-29 14:00:04,806 - instabot version: 0.117.0 (api) - DEBUG - GET to endpoint: zr/token/result/?device_id=android-201125c6e629b825&token_hash=&custom_device_id=android-201125c6e629b825&fetch_reason=token_expired returned response: <Response [200]>
2021-03-29 14:00:05,197 - instabot version: 0.117.0 (api) - DEBUG - GET to endpoint: multiple_accounts/get_account_family/ returned response: <Response [200]>
2021-03-29 14:00:05,518 - instabot version: 0.117.0 (api) - DEBUG - POST to endpoint: qe/sync/ returned response: <Response [200]>
2021-03-29 14:00:06,136 - instabot version: 0.117.0 (api) - DEBUG - GET to endpoint: igtv/browse_feed/?prefetch=1 returned response: <Response [200]>
2021-03-29 14:00:06,472 - instabot version: 0.117.0 (api) - DEBUG - POST to endpoint: creatives/ar_class/ returned response: <Response [200]>
2021-03-29 14:00:07,206 - instabot version: 0.117.0 (api) - DEBUG - POST to endpoint: feed/reels_tray/ returned response: <Response [200]>
2021-03-29 14:00:08,422 - instabot version: 0.117.0 (api) - DEBUG - POST to endpoint: feed/timeline/ returned response: <Response [200]>
2021-03-29 14:00:08,859 - instabot version: 0.117.0 (api) - DEBUG - GET to endpoint: media/blocked/ returned response: <Response [200]>
2021-03-29 14:00:09,710 - instabot version: 0.117.0 (api) - DEBUG - GET to endpoint: news/inbox/ returned response: <Response [200]>
2021-03-29 14:00:10,053 - instabot version: 0.117.0 (api) - DEBUG - GET to endpoint: loom/fetch_config/ returned response: <Response [200]>
2021-03-29 14:00:11,003 - instabot version: 0.117.0 (api) - DEBUG - GET to endpoint: scores/bootstrap/users/?surfaces=["autocomplete_user_list","coefficient_besties_list_ranking","coefficient_rank_recipient_user_suggestion","coefficient_ios_section_test_bootstrap_ranking","coefficient_direct_recipients_ranking_variant_2"] returned response: <Response [200]>
2021-03-29 14:00:11,355 - instabot version: 0.117.0 (api) - DEBUG - GET to endpoint: business/eligibility/get_monetization_products_eligibility_data/?product_types=branded_content returned response: <Response [200]>
2021-03-29 14:00:11,704 - instabot version: 0.117.0 (api) - DEBUG - GET to endpoint: business/branded_content/should_require_professional_account/ returned response: <Response [200]>
2021-03-29 14:00:12,089 - instabot version: 0.117.0 (api) - DEBUG - GET to endpoint: linked_accounts/get_linkage_status/ returned response: <Response [200]>
2021-03-29 14:00:12,427 - instabot version: 0.117.0 (api) - DEBUG - GET to endpoint: locations/request_country/ returned response: <Response [200]>
2021-03-29 14:00:12,770 - instabot version: 0.117.0 (api) - DEBUG - GET to endpoint: qp/get_cooldowns/?signed_body=signed_body=4b9c516a5410a3bc128e09c6104a7f042146b9c2023870560c63a43a7f66781c.4&ig_sig_key_version=4&ig_sig_key_version=4 returned response: <Response [200]>
2021-03-29 14:00:13,110 - instabot version: 0.117.0 (api) - DEBUG - GET to endpoint: users/arlink_download_info/?version_override=2.2.1 returned response: <Response [200]>
2021-03-29 14:00:13,589 - instabot version: 0.117.0 (api) - DEBUG - GET to endpoint: users/4905436623/info/ returned response: <Response [200]>
2021-03-29 14:00:13,932 - instabot version: 0.117.0 (api) - DEBUG - GET to endpoint: direct_v2/get_presence/ returned response: <Response [200]>
2021-03-29 14:00:15,122 - instabot version: 0.117.0 (api) - DEBUG - GET to endpoint: direct_v2/inbox/?visual_message_return_type=unseen&thread_message_limit=10&persistentBadging=true&limit=20 returned response: <Response [200]>
2021-03-29 14:00:15,542 - instabot version: 0.117.0 (api) - DEBUG - GET to endpoint: direct_v2/inbox/?visual_message_return_type=unseen&persistentBadging=true&limit=0 returned response: <Response [200]>
2021-03-29 14:00:15,975 - instabot version: 0.117.0 (api) - DEBUG - GET to endpoint: discover/topical_explore/?is_prefetch=true&omit_cover_media=true&use_sectional_payload=true&timezone_offset=0&session_id=0056892c-9f5e-4aa2-8507-643e43db602f&include_fixed_destinations=true returned response: <Response [200]>
2021-03-29 14:00:16,309 - instabot version: 0.117.0 (api) - DEBUG - POST to endpoint: notifications/badge/ returned response: <Response [200]>
2021-03-29 14:00:16,799 - instabot version: 0.117.0 (api) - DEBUG - POST to endpoint: qp/batch_fetch/ returned response: <Response [200]>
2021-03-29 14:00:16,799 - instabot version: 0.117.0 (bot_checkpoint) - DEBUG - Loading Checkpoint file from: D:\Study\python\basics/config/existential_crisis31.checkpoint
2021-03-29 14:00:16,815 - instabot version: 0.117.0 (bot_checkpoint) - DEBUG - Saving Checkpoint file to: D:\Study\python\basics/config/existential_crisis31.checkpoint
2021-03-29 14:00:16,815 - instabot version: 0.117.0 (bot) - INFO - Total requests: 31
